<?xml version="1.0" encoding="UTF-8"?>
<testng-results ignored="0" total="1" passed="1" failed="0" skipped="0">
  <reporter-output>
  </reporter-output>
  <suite started-at="2025-04-18T17:48:28 IST" name="Suite" finished-at="2025-04-18T17:48:33 IST" duration-ms="4972">
    <groups>
    </groups>
    <test started-at="2025-04-18T17:48:28 IST" name="Test" finished-at="2025-04-18T17:48:33 IST" duration-ms="4972">
      <class name="testCases.TC001_AccountRegistrationTest">
        <test-method is-config="true" signature="startdriver(java.lang.String)[pri:0, instance:testCases.TC001_AccountRegistrationTest@7c6908d7]" started-at="2025-04-18T17:48:28 IST" name="startdriver" finished-at="2025-04-18T17:48:31 IST" duration-ms="2709" status="PASS">
          <params>
            <param index="0">
              <value>
                <![CDATA[chrome]]>
              </value>
            </param>
          </params>
          <reporter-output>
          </reporter-output>
        </test-method> <!-- startdriver -->
        <test-method signature="verify_account_Registrration()[pri:0, instance:testCases.TC001_AccountRegistrationTest@7c6908d7]" started-at="2025-04-18T17:48:31 IST" name="verify_account_Registrration" finished-at="2025-04-18T17:48:33 IST" duration-ms="2031" status="PASS">
          <reporter-output>
          </reporter-output>
        </test-method> <!-- verify_account_Registrration -->
        <test-method is-config="true" signature="closeDriver()[pri:0, instance:testCases.TC001_AccountRegistrationTest@7c6908d7]" started-at="2025-04-18T17:48:33 IST" name="closeDriver" finished-at="2025-04-18T17:48:33 IST" duration-ms="193" status="PASS">
          <reporter-output>
          </reporter-output>
        </test-method> <!-- closeDriver -->
      </class> <!-- testCases.TC001_AccountRegistrationTest -->
    </test> <!-- Test -->
  </suite> <!-- Suite -->
</testng-results>
